#! /c/Source/iverilog-install/bin/vvp
:ivl_version "12.0 (devel)" "(s20150603-1110-g18392a46)";
:ivl_delay_selection "TYPICAL";
:vpi_time_precision + 0;
:vpi_module "C:\iverilog\lib\ivl\system.vpi";
:vpi_module "C:\iverilog\lib\ivl\vhdl_sys.vpi";
:vpi_module "C:\iverilog\lib\ivl\vhdl_textio.vpi";
:vpi_module "C:\iverilog\lib\ivl\v2005_math.vpi";
:vpi_module "C:\iverilog\lib\ivl\va_math.vpi";
S_000001479b374ed0 .scope module, "ExBlock" "ExBlock" 2 4;
 .timescale 0 0;
    .port_info 0 /INPUT 1 "clk";
    .port_info 1 /INPUT 8 "A";
    .port_info 2 /INPUT 8 "B";
    .port_info 3 /INPUT 8 "theta1";
    .port_info 4 /INPUT 8 "theta2";
    .port_info 5 /INPUT 8 "beta1";
    .port_info 6 /INPUT 8 "beta2";
    .port_info 7 /INPUT 8 "alpha1";
    .port_info 8 /INPUT 8 "alpha2";
    .port_info 9 /OUTPUT 1 "step";
o000001479b37e318 .functor BUFZ 8, C4<zzzzzzzz>; HiZ drive
v000001479b3da0c0_0 .net "A", 7 0, o000001479b37e318;  0 drivers
o000001479b37e408 .functor BUFZ 8, C4<zzzzzzzz>; HiZ drive
v000001479b3d9c60_0 .net "B", 7 0, o000001479b37e408;  0 drivers
o000001479b37ec48 .functor BUFZ 8, C4<zzzzzzzz>; HiZ drive
v000001479b3d8d60_0 .net "alpha1", 7 0, o000001479b37ec48;  0 drivers
o000001479b37ed08 .functor BUFZ 8, C4<zzzzzzzz>; HiZ drive
v000001479b3da5c0_0 .net "alpha2", 7 0, o000001479b37ed08;  0 drivers
o000001479b37e7f8 .functor BUFZ 8, C4<zzzzzzzz>; HiZ drive
v000001479b3d8900_0 .net "beta1", 7 0, o000001479b37e7f8;  0 drivers
o000001479b37e8b8 .functor BUFZ 8, C4<zzzzzzzz>; HiZ drive
v000001479b3d8e00_0 .net "beta2", 7 0, o000001479b37e8b8;  0 drivers
o000001479b37e258 .functor BUFZ 1, C4<z>; HiZ drive
v000001479b3d8f40_0 .net "clk", 0 0, o000001479b37e258;  0 drivers
v000001479b3d9080_0 .net "n1_1out", 7 0, v000001479b3cf0f0_0;  1 drivers
v000001479b3d9120_0 .net "n1_2out", 7 0, v000001479b3d9300_0;  1 drivers
v000001479b3dcbe0_0 .net "n2_1out", 7 0, v000001479b3da340_0;  1 drivers
v000001479b3dd720_0 .net "step", 0 0, L_000001479b3dca00;  1 drivers
o000001479b37e348 .functor BUFZ 8, C4<zzzzzzzz>; HiZ drive
v000001479b3dd360_0 .net "theta1", 7 0, o000001479b37e348;  0 drivers
o000001479b37e438 .functor BUFZ 8, C4<zzzzzzzz>; HiZ drive
v000001479b3dc780_0 .net "theta2", 7 0, o000001479b37e438;  0 drivers
S_000001479b47d440 .scope module, "actBlock1" "act_Block" 2 14, 3 1 0, S_000001479b374ed0;
 .timescale 0 0;
    .port_info 0 /INPUT 8 "value";
    .port_info 1 /OUTPUT 1 "S";
v000001479b374460_0 .net "S", 0 0, L_000001479b3dca00;  alias, 1 drivers
L_000001479b3df028 .functor BUFT 1, C4<01100100>, C4<0>, C4<0>, C4<0>;
v000001479b373870_0 .net/2u *"_ivl_0", 7 0, L_000001479b3df028;  1 drivers
v000001479b3768f0_0 .net *"_ivl_2", 0 0, L_000001479b3dd4a0;  1 drivers
L_000001479b3df070 .functor BUFT 1, C4<1>, C4<0>, C4<0>, C4<0>;
v000001479b3cea10_0 .net/2u *"_ivl_4", 0 0, L_000001479b3df070;  1 drivers
L_000001479b3df0b8 .functor BUFT 1, C4<0>, C4<0>, C4<0>, C4<0>;
v000001479b3ce8d0_0 .net/2u *"_ivl_6", 0 0, L_000001479b3df0b8;  1 drivers
v000001479b3ceab0_0 .net "value", 7 0, v000001479b3da340_0;  alias, 1 drivers
L_000001479b3dd4a0 .cmp/ge 8, v000001479b3da340_0, L_000001479b3df028;
L_000001479b3dca00 .functor MUXZ 1, L_000001479b3df0b8, L_000001479b3df070, L_000001479b3dd4a0, C4<>;
S_000001479b47d5d0 .scope module, "n1_1" "node" 2 11, 4 5 0, S_000001479b374ed0;
 .timescale 0 0;
    .port_info 0 /INPUT 8 "A";
    .port_info 1 /INPUT 8 "B";
    .port_info 2 /INPUT 8 "multA";
    .port_info 3 /INPUT 8 "multB";
    .port_info 4 /OUTPUT 8 "nodeResult";
    .port_info 5 /INPUT 1 "clk";
v000001479b3cf690_0 .net "A", 7 0, o000001479b37e318;  alias, 0 drivers
v000001479b3ce970_0 .net "B", 7 0, o000001479b37e408;  alias, 0 drivers
v000001479b3cf410_0 .net "clk", 0 0, o000001479b37e258;  alias, 0 drivers
v000001479b3cf7d0_0 .net "ffInput", 7 0, L_000001479b3dc960;  1 drivers
v000001479b3cf4b0_0 .net "mult1Res", 7 0, L_000001479b3dc0a0;  1 drivers
v000001479b3ceb50_0 .net "mult2Res", 7 0, L_000001479b3dc640;  1 drivers
v000001479b3cedd0_0 .net "multA", 7 0, o000001479b37e348;  alias, 0 drivers
v000001479b3cee70_0 .net "multB", 7 0, o000001479b37e438;  alias, 0 drivers
v000001479b3cef10_0 .net "nodeResult", 7 0, v000001479b3cf0f0_0;  alias, 1 drivers
S_000001479b47d760 .scope module, "adder1" "adder" 4 14, 5 1 0, S_000001479b47d5d0;
 .timescale 0 0;
    .port_info 0 /INPUT 8 "A";
    .port_info 1 /INPUT 8 "B";
    .port_info 2 /OUTPUT 8 "O";
v000001479b3cf050_0 .net "A", 7 0, L_000001479b3dc0a0;  alias, 1 drivers
v000001479b3cf730_0 .net "B", 7 0, L_000001479b3dc640;  alias, 1 drivers
v000001479b3cebf0_0 .net "O", 7 0, L_000001479b3dc960;  alias, 1 drivers
L_000001479b3dc960 .arith/sum 8, L_000001479b3dc0a0, L_000001479b3dc640;
S_000001479b375af0 .scope module, "dff1" "d_flipflop" 4 15, 6 1 0, S_000001479b47d5d0;
 .timescale 0 0;
    .port_info 0 /INPUT 1 "clk";
    .port_info 1 /INPUT 8 "Q";
    .port_info 2 /OUTPUT 8 "D";
v000001479b3cf0f0_0 .var "D", 7 0;
v000001479b3cf230_0 .net "Q", 7 0, L_000001479b3dc960;  alias, 1 drivers
v000001479b3ced30_0 .net "clk", 0 0, o000001479b37e258;  alias, 0 drivers
E_000001479b371b30 .event posedge, v000001479b3ced30_0;
S_000001479b375c80 .scope module, "mult1" "multiplier" 4 12, 7 1 0, S_000001479b47d5d0;
 .timescale 0 0;
    .port_info 0 /INPUT 8 "A";
    .port_info 1 /INPUT 8 "B";
    .port_info 2 /OUTPUT 8 "O";
v000001479b3cec90_0 .net "A", 7 0, o000001479b37e318;  alias, 0 drivers
v000001479b3cf190_0 .net "B", 7 0, o000001479b37e348;  alias, 0 drivers
v000001479b3cf550_0 .net "O", 7 0, L_000001479b3dc0a0;  alias, 1 drivers
L_000001479b3dc0a0 .arith/mult 8, o000001479b37e318, o000001479b37e348;
S_000001479b375e10 .scope module, "mult2" "multiplier" 4 13, 7 1 0, S_000001479b47d5d0;
 .timescale 0 0;
    .port_info 0 /INPUT 8 "A";
    .port_info 1 /INPUT 8 "B";
    .port_info 2 /OUTPUT 8 "O";
v000001479b3cf5f0_0 .net "A", 7 0, o000001479b37e408;  alias, 0 drivers
v000001479b3cf2d0_0 .net "B", 7 0, o000001479b37e438;  alias, 0 drivers
v000001479b3cf370_0 .net "O", 7 0, L_000001479b3dc640;  alias, 1 drivers
L_000001479b3dc640 .arith/mult 8, o000001479b37e408, o000001479b37e438;
S_000001479b37aa50 .scope module, "n1_2" "node" 2 12, 4 5 0, S_000001479b374ed0;
 .timescale 0 0;
    .port_info 0 /INPUT 8 "A";
    .port_info 1 /INPUT 8 "B";
    .port_info 2 /INPUT 8 "multA";
    .port_info 3 /INPUT 8 "multB";
    .port_info 4 /OUTPUT 8 "nodeResult";
    .port_info 5 /INPUT 1 "clk";
v000001479b3d89a0_0 .net "A", 7 0, o000001479b37e318;  alias, 0 drivers
v000001479b3d9800_0 .net "B", 7 0, o000001479b37e408;  alias, 0 drivers
v000001479b3d94e0_0 .net "clk", 0 0, o000001479b37e258;  alias, 0 drivers
v000001479b3da160_0 .net "ffInput", 7 0, L_000001479b3dc6e0;  1 drivers
v000001479b3d9580_0 .net "mult1Res", 7 0, L_000001479b3dbf60;  1 drivers
v000001479b3d9a80_0 .net "mult2Res", 7 0, L_000001479b3dbce0;  1 drivers
v000001479b3d9620_0 .net "multA", 7 0, o000001479b37e7f8;  alias, 0 drivers
v000001479b3d91c0_0 .net "multB", 7 0, o000001479b37e8b8;  alias, 0 drivers
v000001479b3da520_0 .net "nodeResult", 7 0, v000001479b3d9300_0;  alias, 1 drivers
S_000001479b37abe0 .scope module, "adder1" "adder" 4 14, 5 1 0, S_000001479b37aa50;
 .timescale 0 0;
    .port_info 0 /INPUT 8 "A";
    .port_info 1 /INPUT 8 "B";
    .port_info 2 /OUTPUT 8 "O";
v000001479b3cefb0_0 .net "A", 7 0, L_000001479b3dbf60;  alias, 1 drivers
v000001479b3d8b80_0 .net "B", 7 0, L_000001479b3dbce0;  alias, 1 drivers
v000001479b3d9260_0 .net "O", 7 0, L_000001479b3dc6e0;  alias, 1 drivers
L_000001479b3dc6e0 .arith/sum 8, L_000001479b3dbf60, L_000001479b3dbce0;
S_000001479b37ad70 .scope module, "dff1" "d_flipflop" 4 15, 6 1 0, S_000001479b37aa50;
 .timescale 0 0;
    .port_info 0 /INPUT 1 "clk";
    .port_info 1 /INPUT 8 "Q";
    .port_info 2 /OUTPUT 8 "D";
v000001479b3d9300_0 .var "D", 7 0;
v000001479b3d9e40_0 .net "Q", 7 0, L_000001479b3dc6e0;  alias, 1 drivers
v000001479b3da700_0 .net "clk", 0 0, o000001479b37e258;  alias, 0 drivers
S_000001479b37afd0 .scope module, "mult1" "multiplier" 4 12, 7 1 0, S_000001479b37aa50;
 .timescale 0 0;
    .port_info 0 /INPUT 8 "A";
    .port_info 1 /INPUT 8 "B";
    .port_info 2 /OUTPUT 8 "O";
v000001479b3d93a0_0 .net "A", 7 0, o000001479b37e318;  alias, 0 drivers
v000001479b3d99e0_0 .net "B", 7 0, o000001479b37e7f8;  alias, 0 drivers
v000001479b3d9d00_0 .net "O", 7 0, L_000001479b3dbf60;  alias, 1 drivers
L_000001479b3dbf60 .arith/mult 8, o000001479b37e318, o000001479b37e7f8;
S_000001479b37b160 .scope module, "mult2" "multiplier" 4 13, 7 1 0, S_000001479b37aa50;
 .timescale 0 0;
    .port_info 0 /INPUT 8 "A";
    .port_info 1 /INPUT 8 "B";
    .port_info 2 /OUTPUT 8 "O";
v000001479b3da2a0_0 .net "A", 7 0, o000001479b37e408;  alias, 0 drivers
v000001479b3da7a0_0 .net "B", 7 0, o000001479b37e8b8;  alias, 0 drivers
v000001479b3d9440_0 .net "O", 7 0, L_000001479b3dbce0;  alias, 1 drivers
L_000001479b3dbce0 .arith/mult 8, o000001479b37e408, o000001479b37e8b8;
S_000001479b37b2f0 .scope module, "n2_1" "node" 2 13, 4 5 0, S_000001479b374ed0;
 .timescale 0 0;
    .port_info 0 /INPUT 8 "A";
    .port_info 1 /INPUT 8 "B";
    .port_info 2 /INPUT 8 "multA";
    .port_info 3 /INPUT 8 "multB";
    .port_info 4 /OUTPUT 8 "nodeResult";
    .port_info 5 /INPUT 1 "clk";
v000001479b3da200_0 .net "A", 7 0, v000001479b3cf0f0_0;  alias, 1 drivers
v000001479b3d9940_0 .net "B", 7 0, v000001479b3d9300_0;  alias, 1 drivers
v000001479b3d9b20_0 .net "clk", 0 0, o000001479b37e258;  alias, 0 drivers
v000001479b3d8ea0_0 .net "ffInput", 7 0, L_000001479b3dc320;  1 drivers
v000001479b3d8cc0_0 .net "mult1Res", 7 0, L_000001479b3dc820;  1 drivers
v000001479b3da480_0 .net "mult2Res", 7 0, L_000001479b3dbd80;  1 drivers
v000001479b3d9bc0_0 .net "multA", 7 0, o000001479b37ec48;  alias, 0 drivers
v000001479b3d8fe0_0 .net "multB", 7 0, o000001479b37ed08;  alias, 0 drivers
v000001479b3da660_0 .net "nodeResult", 7 0, v000001479b3da340_0;  alias, 1 drivers
S_000001479b342d60 .scope module, "adder1" "adder" 4 14, 5 1 0, S_000001479b37b2f0;
 .timescale 0 0;
    .port_info 0 /INPUT 8 "A";
    .port_info 1 /INPUT 8 "B";
    .port_info 2 /OUTPUT 8 "O";
v000001479b3d9da0_0 .net "A", 7 0, L_000001479b3dc820;  alias, 1 drivers
v000001479b3d8ae0_0 .net "B", 7 0, L_000001479b3dbd80;  alias, 1 drivers
v000001479b3d8a40_0 .net "O", 7 0, L_000001479b3dc320;  alias, 1 drivers
L_000001479b3dc320 .arith/sum 8, L_000001479b3dc820, L_000001479b3dbd80;
S_000001479b342ef0 .scope module, "dff1" "d_flipflop" 4 15, 6 1 0, S_000001479b37b2f0;
 .timescale 0 0;
    .port_info 0 /INPUT 1 "clk";
    .port_info 1 /INPUT 8 "Q";
    .port_info 2 /OUTPUT 8 "D";
v000001479b3da340_0 .var "D", 7 0;
v000001479b3d96c0_0 .net "Q", 7 0, L_000001479b3dc320;  alias, 1 drivers
v000001479b3d9ee0_0 .net "clk", 0 0, o000001479b37e258;  alias, 0 drivers
S_000001479b3da8c0 .scope module, "mult1" "multiplier" 4 12, 7 1 0, S_000001479b37b2f0;
 .timescale 0 0;
    .port_info 0 /INPUT 8 "A";
    .port_info 1 /INPUT 8 "B";
    .port_info 2 /OUTPUT 8 "O";
v000001479b3d8c20_0 .net "A", 7 0, v000001479b3cf0f0_0;  alias, 1 drivers
v000001479b3d9760_0 .net "B", 7 0, o000001479b37ec48;  alias, 0 drivers
v000001479b3d9f80_0 .net "O", 7 0, L_000001479b3dc820;  alias, 1 drivers
L_000001479b3dc820 .arith/mult 8, v000001479b3cf0f0_0, o000001479b37ec48;
S_000001479b3daa50 .scope module, "mult2" "multiplier" 4 13, 7 1 0, S_000001479b37b2f0;
 .timescale 0 0;
    .port_info 0 /INPUT 8 "A";
    .port_info 1 /INPUT 8 "B";
    .port_info 2 /OUTPUT 8 "O";
v000001479b3da3e0_0 .net "A", 7 0, v000001479b3d9300_0;  alias, 1 drivers
v000001479b3da020_0 .net "B", 7 0, o000001479b37ed08;  alias, 0 drivers
v000001479b3d98a0_0 .net "O", 7 0, L_000001479b3dbd80;  alias, 1 drivers
L_000001479b3dbd80 .arith/mult 8, v000001479b3d9300_0, o000001479b37ed08;
    .scope S_000001479b375af0;
T_0 ;
    %wait E_000001479b371b30;
    %load/vec4 v000001479b3cf230_0;
    %store/vec4 v000001479b3cf0f0_0, 0, 8;
    %jmp T_0;
    .thread T_0;
    .scope S_000001479b37ad70;
T_1 ;
    %wait E_000001479b371b30;
    %load/vec4 v000001479b3d9e40_0;
    %store/vec4 v000001479b3d9300_0, 0, 8;
    %jmp T_1;
    .thread T_1;
    .scope S_000001479b342ef0;
T_2 ;
    %wait E_000001479b371b30;
    %load/vec4 v000001479b3d96c0_0;
    %store/vec4 v000001479b3da340_0, 0, 8;
    %jmp T_2;
    .thread T_2;
# The file index is used to find the file name in the following table.
:file_names 8;
    "N/A";
    "<interactive>";
    "ExBlock.v";
    "./activation_block.v";
    "./node.v";
    "./adder.v";
    "./d_flipflop.v";
    "./multiplier.v";
