#! /c/Source/iverilog-install/bin/vvp
:ivl_version "12.0 (devel)" "(s20150603-1110-g18392a46)";
:ivl_delay_selection "TYPICAL";
:vpi_time_precision + 0;
:vpi_module "C:\iverilog\lib\ivl\system.vpi";
:vpi_module "C:\iverilog\lib\ivl\vhdl_sys.vpi";
:vpi_module "C:\iverilog\lib\ivl\vhdl_textio.vpi";
:vpi_module "C:\iverilog\lib\ivl\v2005_math.vpi";
:vpi_module "C:\iverilog\lib\ivl\va_math.vpi";
S_0000028318f3b9d0 .scope module, "instrFetch" "instrFetch" 2 1;
 .timescale 0 0;
    .port_info 0 /INPUT 1 "clk";
    .port_info 1 /INPUT 1 "updateWeights";
    .port_info 2 /INPUT 1 "countSteps";
    .port_info 3 /INPUT 1 "reset";
    .port_info 4 /INPUT 1 "dualUpdateWeights";
    .port_info 5 /INPUT 8 "A";
    .port_info 6 /INPUT 8 "B";
    .port_info 7 /INPUT 3 "Addr1";
    .port_info 8 /INPUT 3 "Addr2";
    .port_info 9 /INPUT 8 "Data1";
    .port_info 10 /INPUT 8 "Data2";
    .port_info 11 /OUTPUT 32 "instruction";
o0000028318e1bf98 .functor BUFZ 8, C4<zzzzzzzz>; HiZ drive
v0000028318f3bb60_0 .net "A", 7 0, o0000028318e1bf98;  0 drivers
o0000028318e1bfc8 .functor BUFZ 3, C4<zzz>; HiZ drive
v0000028318e142c0_0 .net "Addr1", 2 0, o0000028318e1bfc8;  0 drivers
o0000028318e1bff8 .functor BUFZ 3, C4<zzz>; HiZ drive
v0000028318e14360_0 .net "Addr2", 2 0, o0000028318e1bff8;  0 drivers
o0000028318e1c028 .functor BUFZ 8, C4<zzzzzzzz>; HiZ drive
v0000028318e14400_0 .net "B", 7 0, o0000028318e1c028;  0 drivers
o0000028318e1c058 .functor BUFZ 8, C4<zzzzzzzz>; HiZ drive
v0000028318e144a0_0 .net "Data1", 7 0, o0000028318e1c058;  0 drivers
o0000028318e1c088 .functor BUFZ 8, C4<zzzzzzzz>; HiZ drive
v0000028318e14540_0 .net "Data2", 7 0, o0000028318e1c088;  0 drivers
o0000028318e1c0b8 .functor BUFZ 1, C4<z>; HiZ drive
v0000028318e145e0_0 .net "clk", 0 0, o0000028318e1c0b8;  0 drivers
o0000028318e1c0e8 .functor BUFZ 1, C4<z>; HiZ drive
v0000028318e14680_0 .net "countSteps", 0 0, o0000028318e1c0e8;  0 drivers
o0000028318e1c118 .functor BUFZ 1, C4<z>; HiZ drive
v0000028318e14720_0 .net "dualUpdateWeights", 0 0, o0000028318e1c118;  0 drivers
v0000028318e147c0_0 .var "instruction", 31 0;
o0000028318e1c178 .functor BUFZ 1, C4<z>; HiZ drive
v0000028318e14860_0 .net "reset", 0 0, o0000028318e1c178;  0 drivers
o0000028318e1c1a8 .functor BUFZ 1, C4<z>; HiZ drive
v0000028318e14900_0 .net "updateWeights", 0 0, o0000028318e1c1a8;  0 drivers
E_0000028318f39f90 .event posedge, v0000028318e145e0_0;
    .scope S_0000028318f3b9d0;
T_0 ;
    %wait E_0000028318f39f90;
    %load/vec4 v0000028318e14680_0;
    %cmpi/e 1, 0, 1;
    %jmp/0xz  T_0.0, 4;
    %pushi/vec4 12, 0, 4;
    %ix/load 4, 0, 0;
    %flag_set/imm 4, 0;
    %store/vec4 v0000028318e147c0_0, 4, 4;
    %load/vec4 v0000028318f3bb60_0;
    %ix/load 4, 4, 0;
    %flag_set/imm 4, 0;
    %store/vec4 v0000028318e147c0_0, 4, 8;
    %load/vec4 v0000028318e14400_0;
    %ix/load 4, 12, 0;
    %flag_set/imm 4, 0;
    %store/vec4 v0000028318e147c0_0, 4, 8;
    %pushi/vec4 0, 0, 12;
    %ix/load 4, 20, 0;
    %flag_set/imm 4, 0;
    %store/vec4 v0000028318e147c0_0, 4, 12;
    %jmp T_0.1;
T_0.0 ;
    %load/vec4 v0000028318e14900_0;
    %pushi/vec4 1, 0, 1;
    %cmp/e;
    %flag_get/vec4 4;
    %load/vec4 v0000028318e14860_0;
    %pushi/vec4 1, 0, 1;
    %cmp/e;
    %flag_get/vec4 4;
    %and;
    %flag_set/vec4 8;
    %jmp/0xz  T_0.2, 8;
    %pushi/vec4 2, 0, 4;
    %ix/load 4, 0, 0;
    %flag_set/imm 4, 0;
    %store/vec4 v0000028318e147c0_0, 4, 4;
    %pushi/vec4 0, 0, 28;
    %ix/load 4, 4, 0;
    %flag_set/imm 4, 0;
    %store/vec4 v0000028318e147c0_0, 4, 28;
    %jmp T_0.3;
T_0.2 ;
    %load/vec4 v0000028318e14900_0;
    %pushi/vec4 1, 0, 1;
    %cmp/e;
    %flag_get/vec4 4;
    %load/vec4 v0000028318e14860_0;
    %pushi/vec4 0, 0, 1;
    %cmp/e;
    %flag_get/vec4 4;
    %and;
    %flag_set/vec4 8;
    %jmp/0xz  T_0.4, 8;
    %load/vec4 v0000028318e14720_0;
    %cmpi/e 1, 0, 1;
    %jmp/0xz  T_0.6, 4;
    %pushi/vec4 10, 0, 4;
    %ix/load 4, 0, 0;
    %flag_set/imm 4, 0;
    %store/vec4 v0000028318e147c0_0, 4, 4;
    %load/vec4 v0000028318e142c0_0;
    %ix/load 4, 4, 0;
    %flag_set/imm 4, 0;
    %store/vec4 v0000028318e147c0_0, 4, 3;
    %load/vec4 v0000028318e144a0_0;
    %ix/load 4, 7, 0;
    %flag_set/imm 4, 0;
    %store/vec4 v0000028318e147c0_0, 4, 8;
    %load/vec4 v0000028318e14360_0;
    %ix/load 4, 15, 0;
    %flag_set/imm 4, 0;
    %store/vec4 v0000028318e147c0_0, 4, 3;
    %load/vec4 v0000028318e14540_0;
    %ix/load 4, 18, 0;
    %flag_set/imm 4, 0;
    %store/vec4 v0000028318e147c0_0, 4, 8;
    %pushi/vec4 0, 0, 6;
    %ix/load 4, 26, 0;
    %flag_set/imm 4, 0;
    %store/vec4 v0000028318e147c0_0, 4, 6;
    %jmp T_0.7;
T_0.6 ;
    %pushi/vec4 6, 0, 4;
    %ix/load 4, 0, 0;
    %flag_set/imm 4, 0;
    %store/vec4 v0000028318e147c0_0, 4, 4;
    %load/vec4 v0000028318e142c0_0;
    %ix/load 4, 4, 0;
    %flag_set/imm 4, 0;
    %store/vec4 v0000028318e147c0_0, 4, 3;
    %load/vec4 v0000028318e144a0_0;
    %ix/load 4, 7, 0;
    %flag_set/imm 4, 0;
    %store/vec4 v0000028318e147c0_0, 4, 8;
    %pushi/vec4 7, 0, 3;
    %ix/load 4, 15, 0;
    %flag_set/imm 4, 0;
    %store/vec4 v0000028318e147c0_0, 4, 3;
    %pushi/vec4 0, 0, 8;
    %ix/load 4, 18, 0;
    %flag_set/imm 4, 0;
    %store/vec4 v0000028318e147c0_0, 4, 8;
    %pushi/vec4 0, 0, 6;
    %ix/load 4, 26, 0;
    %flag_set/imm 4, 0;
    %store/vec4 v0000028318e147c0_0, 4, 6;
T_0.7 ;
T_0.4 ;
T_0.3 ;
T_0.1 ;
    %jmp T_0;
    .thread T_0;
# The file index is used to find the file name in the following table.
:file_names 3;
    "N/A";
    "<interactive>";
    "instrFetch.v";
