#! /c/Source/iverilog-install/bin/vvp
:ivl_version "12.0 (devel)" "(s20150603-1110-g18392a46)";
:ivl_delay_selection "TYPICAL";
:vpi_time_precision + 0;
:vpi_module "C:\iverilog\lib\ivl\system.vpi";
:vpi_module "C:\iverilog\lib\ivl\vhdl_sys.vpi";
:vpi_module "C:\iverilog\lib\ivl\vhdl_textio.vpi";
:vpi_module "C:\iverilog\lib\ivl\v2005_math.vpi";
:vpi_module "C:\iverilog\lib\ivl\va_math.vpi";
S_000001a5a135b8a0 .scope module, "regFile" "regFile" 2 1;
 .timescale 0 0;
    .port_info 0 /INPUT 1 "clk";
    .port_info 1 /INPUT 1 "updateWeight";
    .port_info 2 /INPUT 1 "updateTotalSteps";
    .port_info 3 /INPUT 1 "reset";
    .port_info 4 /INPUT 3 "Addr1";
    .port_info 5 /INPUT 3 "Addr2";
    .port_info 6 /INPUT 8 "Data1";
    .port_info 7 /INPUT 8 "Data2";
    .port_info 8 /OUTPUT 8 "updatedSteps";
    .port_info 9 /OUTPUT 8 "theta1";
    .port_info 10 /OUTPUT 8 "theta2";
    .port_info 11 /OUTPUT 8 "beta1";
    .port_info 12 /OUTPUT 8 "beta2";
    .port_info 13 /OUTPUT 8 "alpha1";
    .port_info 14 /OUTPUT 8 "alpha2";
    .port_info 15 /OUTPUT 8 "totalSteps";
v000001a5a13fb150_0 .array/port v000001a5a13fb150, 0;
L_000001a5a1373b90 .functor BUFZ 8, v000001a5a13fb150_0, C4<00000000>, C4<00000000>, C4<00000000>;
v000001a5a13fb150_1 .array/port v000001a5a13fb150, 1;
L_000001a5a13a4910 .functor BUFZ 8, v000001a5a13fb150_1, C4<00000000>, C4<00000000>, C4<00000000>;
v000001a5a13fb150_2 .array/port v000001a5a13fb150, 2;
L_000001a5a13a4980 .functor BUFZ 8, v000001a5a13fb150_2, C4<00000000>, C4<00000000>, C4<00000000>;
v000001a5a13fb150_3 .array/port v000001a5a13fb150, 3;
L_000001a5a13a49f0 .functor BUFZ 8, v000001a5a13fb150_3, C4<00000000>, C4<00000000>, C4<00000000>;
v000001a5a13fb150_4 .array/port v000001a5a13fb150, 4;
L_000001a5a13a4a60 .functor BUFZ 8, v000001a5a13fb150_4, C4<00000000>, C4<00000000>, C4<00000000>;
v000001a5a13fb150_5 .array/port v000001a5a13fb150, 5;
L_000001a5a13a4ad0 .functor BUFZ 8, v000001a5a13fb150_5, C4<00000000>, C4<00000000>, C4<00000000>;
o000001a5a13adfd8 .functor BUFZ 3, C4<zzz>; HiZ drive
v000001a5a135bb40_0 .net "Addr1", 2 0, o000001a5a13adfd8;  0 drivers
o000001a5a13ae008 .functor BUFZ 3, C4<zzz>; HiZ drive
v000001a5a13730e0_0 .net "Addr2", 2 0, o000001a5a13ae008;  0 drivers
o000001a5a13ae038 .functor BUFZ 8, C4<zzzzzzzz>; HiZ drive
v000001a5a13a4300_0 .net "Data1", 7 0, o000001a5a13ae038;  0 drivers
o000001a5a13ae068 .functor BUFZ 8, C4<zzzzzzzz>; HiZ drive
v000001a5a13a43a0_0 .net "Data2", 7 0, o000001a5a13ae068;  0 drivers
v000001a5a13a4440_0 .net "alpha1", 7 0, L_000001a5a13a4a60;  1 drivers
v000001a5a13a44e0_0 .net "alpha2", 7 0, L_000001a5a13a4ad0;  1 drivers
v000001a5a13a4580_0 .net "beta1", 7 0, L_000001a5a13a4980;  1 drivers
v000001a5a13a4620_0 .net "beta2", 7 0, L_000001a5a13a49f0;  1 drivers
o000001a5a13ae158 .functor BUFZ 1, C4<z>; HiZ drive
v000001a5a13a46c0_0 .net "clk", 0 0, o000001a5a13ae158;  0 drivers
v000001a5a13a4760_0 .var/i "i", 31 0;
v000001a5a13fb150 .array "registers", 0 7, 7 0;
o000001a5a13ae338 .functor BUFZ 1, C4<z>; HiZ drive
v000001a5a13fabb0_0 .net "reset", 0 0, o000001a5a13ae338;  0 drivers
v000001a5a13fad90_0 .net "theta1", 7 0, L_000001a5a1373b90;  1 drivers
v000001a5a13fa9d0_0 .net "theta2", 7 0, L_000001a5a13a4910;  1 drivers
v000001a5a13facf0_0 .var "totalSteps", 7 0;
o000001a5a13ae3f8 .functor BUFZ 1, C4<z>; HiZ drive
v000001a5a13fb470_0 .net "updateTotalSteps", 0 0, o000001a5a13ae3f8;  0 drivers
o000001a5a13ae428 .functor BUFZ 1, C4<z>; HiZ drive
v000001a5a13fb290_0 .net "updateWeight", 0 0, o000001a5a13ae428;  0 drivers
o000001a5a13ae458 .functor BUFZ 8, C4<zzzzzzzz>; HiZ drive
v000001a5a13fae30_0 .net "updatedSteps", 7 0, o000001a5a13ae458;  0 drivers
E_000001a5a1395fd0 .event posedge, v000001a5a13a46c0_0;
    .scope S_000001a5a135b8a0;
T_0 ;
    %pushi/vec4 10, 0, 8;
    %ix/load 4, 0, 0;
    %flag_set/imm 4, 0;
    %store/vec4a v000001a5a13fb150, 4, 0;
    %pushi/vec4 10, 0, 8;
    %ix/load 4, 1, 0;
    %flag_set/imm 4, 0;
    %store/vec4a v000001a5a13fb150, 4, 0;
    %pushi/vec4 10, 0, 8;
    %ix/load 4, 2, 0;
    %flag_set/imm 4, 0;
    %store/vec4a v000001a5a13fb150, 4, 0;
    %pushi/vec4 10, 0, 8;
    %ix/load 4, 3, 0;
    %flag_set/imm 4, 0;
    %store/vec4a v000001a5a13fb150, 4, 0;
    %pushi/vec4 10, 0, 8;
    %ix/load 4, 4, 0;
    %flag_set/imm 4, 0;
    %store/vec4a v000001a5a13fb150, 4, 0;
    %pushi/vec4 10, 0, 8;
    %ix/load 4, 5, 0;
    %flag_set/imm 4, 0;
    %store/vec4a v000001a5a13fb150, 4, 0;
    %pushi/vec4 10, 0, 8;
    %ix/load 4, 6, 0;
    %flag_set/imm 4, 0;
    %store/vec4a v000001a5a13fb150, 4, 0;
    %pushi/vec4 10, 0, 8;
    %ix/load 4, 7, 0;
    %flag_set/imm 4, 0;
    %store/vec4a v000001a5a13fb150, 4, 0;
    %end;
    .thread T_0;
    .scope S_000001a5a135b8a0;
T_1 ;
    %wait E_000001a5a1395fd0;
    %load/vec4 v000001a5a13fb290_0;
    %cmpi/e 1, 0, 1;
    %jmp/0xz  T_1.0, 4;
    %load/vec4 v000001a5a13fabb0_0;
    %cmpi/e 1, 0, 1;
    %jmp/0xz  T_1.2, 4;
    %pushi/vec4 0, 0, 32;
    %store/vec4 v000001a5a13a4760_0, 0, 32;
T_1.4 ;
    %load/vec4 v000001a5a13a4760_0;
    %cmpi/s 8, 0, 32;
    %jmp/0xz T_1.5, 5;
    %pushi/vec4 0, 0, 8;
    %ix/getv/s 4, v000001a5a13a4760_0;
    %store/vec4a v000001a5a13fb150, 4, 0;
    ; show_stmt_assign_vector: Get l-value for compressed += operand
    %load/vec4 v000001a5a13a4760_0;
    %pushi/vec4 1, 0, 32;
    %add;
    %store/vec4 v000001a5a13a4760_0, 0, 32;
    %jmp T_1.4;
T_1.5 ;
    %jmp T_1.3;
T_1.2 ;
    %load/vec4 v000001a5a13a4300_0;
    %load/vec4 v000001a5a135bb40_0;
    %pad/u 5;
    %ix/vec4 3;
    %ix/load 4, 0, 0; Constant delay
    %assign/vec4/a/d v000001a5a13fb150, 0, 4;
    %load/vec4 v000001a5a13a43a0_0;
    %load/vec4 v000001a5a13730e0_0;
    %pad/u 5;
    %ix/vec4 3;
    %ix/load 4, 0, 0; Constant delay
    %assign/vec4/a/d v000001a5a13fb150, 0, 4;
T_1.3 ;
T_1.0 ;
    %jmp T_1;
    .thread T_1;
    .scope S_000001a5a135b8a0;
T_2 ;
    %wait E_000001a5a1395fd0;
    %load/vec4 v000001a5a13fb470_0;
    %cmpi/e 1, 0, 1;
    %jmp/0xz  T_2.0, 4;
    %load/vec4 v000001a5a13fae30_0;
    %store/vec4 v000001a5a13facf0_0, 0, 8;
    %jmp T_2.1;
T_2.0 ;
    %ix/load 4, 6, 0;
    %flag_set/imm 4, 0;
    %load/vec4a v000001a5a13fb150, 4;
    %store/vec4 v000001a5a13facf0_0, 0, 8;
T_2.1 ;
    %jmp T_2;
    .thread T_2;
# The file index is used to find the file name in the following table.
:file_names 3;
    "N/A";
    "<interactive>";
    "regFile.v";
