#! /c/Source/iverilog-install/bin/vvp
:ivl_version "12.0 (devel)" "(s20150603-1110-g18392a46)";
:ivl_delay_selection "TYPICAL";
:vpi_time_precision + 0;
:vpi_module "C:\iverilog\lib\ivl\system.vpi";
:vpi_module "C:\iverilog\lib\ivl\vhdl_sys.vpi";
:vpi_module "C:\iverilog\lib\ivl\vhdl_textio.vpi";
:vpi_module "C:\iverilog\lib\ivl\v2005_math.vpi";
:vpi_module "C:\iverilog\lib\ivl\va_math.vpi";
S_0000021bcb376d70 .scope module, "act_Block" "act_Block" 2 1;
 .timescale 0 0;
v0000021bcb376f00_0 .net "S", 0 0, L_0000021bcb49db00;  1 drivers
L_0000021bcb3bc018 .functor BUFT 1, C4<0001100100>, C4<0>, C4<0>, C4<0>;
v0000021bcb3430e0_0 .net/2u *"_ivl_0", 9 0, L_0000021bcb3bc018;  1 drivers
v0000021bcb49d3d0_0 .net *"_ivl_2", 0 0, L_0000021bcb49da60;  1 drivers
L_0000021bcb3bc060 .functor BUFT 1, C4<1>, C4<0>, C4<0>, C4<0>;
v0000021bcb49d470_0 .net/2u *"_ivl_4", 0 0, L_0000021bcb3bc060;  1 drivers
L_0000021bcb3bc0a8 .functor BUFT 1, C4<0>, C4<0>, C4<0>, C4<0>;
v0000021bcb49d510_0 .net/2u *"_ivl_6", 0 0, L_0000021bcb3bc0a8;  1 drivers
o0000021bcb377098 .functor BUFZ 10, C4<zzzzzzzzzz>; HiZ drive
v0000021bcb49d5b0_0 .net "value", 9 0, o0000021bcb377098;  0 drivers
L_0000021bcb49da60 .cmp/ge 10, o0000021bcb377098, L_0000021bcb3bc018;
L_0000021bcb49db00 .functor MUXZ 1, L_0000021bcb3bc0a8, L_0000021bcb3bc060, L_0000021bcb49da60, C4<>;
# The file index is used to find the file name in the following table.
:file_names 3;
    "N/A";
    "<interactive>";
    "activation_block.v";
