#! /c/Source/iverilog-install/bin/vvp
:ivl_version "12.0 (devel)" "(s20150603-1110-g18392a46)";
:ivl_delay_selection "TYPICAL";
:vpi_time_precision + 0;
:vpi_module "C:\iverilog\lib\ivl\system.vpi";
:vpi_module "C:\iverilog\lib\ivl\vhdl_sys.vpi";
:vpi_module "C:\iverilog\lib\ivl\vhdl_textio.vpi";
:vpi_module "C:\iverilog\lib\ivl\v2005_math.vpi";
:vpi_module "C:\iverilog\lib\ivl\va_math.vpi";
S_00000168c1452ce0 .scope module, "adder" "adder" 2 1;
 .timescale 0 0;
    .port_info 0 /INPUT 8 "A";
    .port_info 1 /INPUT 8 "B";
    .port_info 2 /OUTPUT 8 "O";
o00000168c1486fa8 .functor BUFZ 8, C4<zzzzzzzz>; HiZ drive
v00000168c1452e70_0 .net "A", 7 0, o00000168c1486fa8;  0 drivers
o00000168c1486fd8 .functor BUFZ 8, C4<zzzzzzzz>; HiZ drive
v00000168c1452f10_0 .net "B", 7 0, o00000168c1486fd8;  0 drivers
v00000168c1452fb0_0 .net "O", 7 0, L_00000168c1453050;  1 drivers
L_00000168c1453050 .arith/sum 8, o00000168c1486fa8, o00000168c1486fd8;
# The file index is used to find the file name in the following table.
:file_names 3;
    "N/A";
    "<interactive>";
    "adder.v";
