#! /c/Source/iverilog-install/bin/vvp
:ivl_version "12.0 (devel)" "(s20150603-1110-g18392a46)";
:ivl_delay_selection "TYPICAL";
:vpi_time_precision + 0;
:vpi_module "C:\iverilog\lib\ivl\system.vpi";
:vpi_module "C:\iverilog\lib\ivl\vhdl_sys.vpi";
:vpi_module "C:\iverilog\lib\ivl\vhdl_textio.vpi";
:vpi_module "C:\iverilog\lib\ivl\v2005_math.vpi";
:vpi_module "C:\iverilog\lib\ivl\va_math.vpi";
S_0000019ec8e12ce0 .scope module, "multiplier" "multiplier" 2 1;
 .timescale 0 0;
    .port_info 0 /INPUT 10 "A";
    .port_info 1 /INPUT 10 "B";
    .port_info 2 /OUTPUT 10 "O";
    .port_info 3 /INPUT 1 "clk";
o0000019ec8e46f08 .functor BUFZ 10, C4<zzzzzzzzzz>; HiZ drive
v0000019ec8e46e60_0 .net "A", 9 0, o0000019ec8e46f08;  0 drivers
o0000019ec8e46f38 .functor BUFZ 10, C4<zzzzzzzzzz>; HiZ drive
v0000019ec8e12e70_0 .net "B", 9 0, o0000019ec8e46f38;  0 drivers
v0000019ec8e12f10_0 .var "O", 9 0;
o0000019ec8e46f98 .functor BUFZ 1, C4<z>; HiZ drive
v0000019ec8e12fb0_0 .net "clk", 0 0, o0000019ec8e46f98;  0 drivers
E_0000019ec8e45690 .event posedge, v0000019ec8e12fb0_0;
    .scope S_0000019ec8e12ce0;
T_0 ;
    %wait E_0000019ec8e45690;
    %load/vec4 v0000019ec8e46e60_0;
    %load/vec4 v0000019ec8e12e70_0;
    %mul;
    %store/vec4 v0000019ec8e12f10_0, 0, 10;
    %jmp T_0;
    .thread T_0;
# The file index is used to find the file name in the following table.
:file_names 3;
    "N/A";
    "<interactive>";
    "multiplier.v";
