#! /c/Source/iverilog-install/bin/vvp
:ivl_version "12.0 (devel)" "(s20150603-1110-g18392a46)";
:ivl_delay_selection "TYPICAL";
:vpi_time_precision + 0;
:vpi_module "C:\iverilog\lib\ivl\system.vpi";
:vpi_module "C:\iverilog\lib\ivl\vhdl_sys.vpi";
:vpi_module "C:\iverilog\lib\ivl\vhdl_textio.vpi";
:vpi_module "C:\iverilog\lib\ivl\v2005_math.vpi";
:vpi_module "C:\iverilog\lib\ivl\va_math.vpi";
S_000001775858ba10 .scope module, "node" "node" 2 5;
 .timescale 0 0;
    .port_info 0 /INPUT 8 "A";
    .port_info 1 /INPUT 8 "B";
    .port_info 2 /INPUT 8 "multA";
    .port_info 3 /INPUT 8 "multB";
    .port_info 4 /OUTPUT 8 "nodeResult";
    .port_info 5 /INPUT 1 "clk";
o00000177585db1c8 .functor BUFZ 8, C4<zzzzzzzz>; HiZ drive
v000001775861e6d0_0 .net "A", 7 0, o00000177585db1c8;  0 drivers
o00000177585db2b8 .functor BUFZ 8, C4<zzzzzzzz>; HiZ drive
v000001775861dd70_0 .net "B", 7 0, o00000177585db2b8;  0 drivers
o00000177585db108 .functor BUFZ 1, C4<z>; HiZ drive
v000001775861d910_0 .net "clk", 0 0, o00000177585db108;  0 drivers
v000001775861e270_0 .net "ffInput", 7 0, L_000001775861d870;  1 drivers
v000001775861e770_0 .net "mult1Res", 7 0, L_000001775861df50;  1 drivers
v000001775861da50_0 .net "mult2Res", 7 0, L_000001775861e130;  1 drivers
o00000177585db1f8 .functor BUFZ 8, C4<zzzzzzzz>; HiZ drive
v000001775861de10_0 .net "multA", 7 0, o00000177585db1f8;  0 drivers
o00000177585db2e8 .functor BUFZ 8, C4<zzzzzzzz>; HiZ drive
v000001775861d9b0_0 .net "multB", 7 0, o00000177585db2e8;  0 drivers
v000001775861dc30_0 .net "nodeResult", 7 0, v000001775858d940_0;  1 drivers
S_000001775858d580 .scope module, "adder1" "adder" 2 14, 3 1 0, S_000001775858ba10;
 .timescale 0 0;
    .port_info 0 /INPUT 8 "A";
    .port_info 1 /INPUT 8 "B";
    .port_info 2 /OUTPUT 8 "O";
v000001775858bba0_0 .net "A", 7 0, L_000001775861df50;  alias, 1 drivers
v00000177585d69b0_0 .net "B", 7 0, L_000001775861e130;  alias, 1 drivers
v000001775858d710_0 .net "O", 7 0, L_000001775861d870;  alias, 1 drivers
L_000001775861d870 .arith/sum 8, L_000001775861df50, L_000001775861e130;
S_000001775858d7b0 .scope module, "dff1" "d_flipflop" 2 15, 4 1 0, S_000001775858ba10;
 .timescale 0 0;
    .port_info 0 /INPUT 1 "clk";
    .port_info 1 /INPUT 8 "Q";
    .port_info 2 /OUTPUT 8 "D";
v000001775858d940_0 .var "D", 7 0;
v00000177585d5b50_0 .net "Q", 7 0, L_000001775861d870;  alias, 1 drivers
v00000177585d5bf0_0 .net "clk", 0 0, o00000177585db108;  alias, 0 drivers
E_00000177585d92a0 .event posedge, v00000177585d5bf0_0;
S_00000177585d5c90 .scope module, "mult1" "multiplier" 2 12, 5 1 0, S_000001775858ba10;
 .timescale 0 0;
    .port_info 0 /INPUT 8 "A";
    .port_info 1 /INPUT 8 "B";
    .port_info 2 /OUTPUT 8 "O";
v00000177585d5e20_0 .net "A", 7 0, o00000177585db1c8;  alias, 0 drivers
v00000177585d5ec0_0 .net "B", 7 0, o00000177585db1f8;  alias, 0 drivers
v00000177585d5f60_0 .net "O", 7 0, L_000001775861df50;  alias, 1 drivers
L_000001775861df50 .arith/mult 8, o00000177585db1c8, o00000177585db1f8;
S_00000177585a2d20 .scope module, "mult2" "multiplier" 2 13, 5 1 0, S_000001775858ba10;
 .timescale 0 0;
    .port_info 0 /INPUT 8 "A";
    .port_info 1 /INPUT 8 "B";
    .port_info 2 /OUTPUT 8 "O";
v00000177585a2eb0_0 .net "A", 7 0, o00000177585db2b8;  alias, 0 drivers
v00000177585a2f50_0 .net "B", 7 0, o00000177585db2e8;  alias, 0 drivers
v00000177585a2ff0_0 .net "O", 7 0, L_000001775861e130;  alias, 1 drivers
L_000001775861e130 .arith/mult 8, o00000177585db2b8, o00000177585db2e8;
    .scope S_000001775858d7b0;
T_0 ;
    %wait E_00000177585d92a0;
    %load/vec4 v00000177585d5b50_0;
    %store/vec4 v000001775858d940_0, 0, 8;
    %jmp T_0;
    .thread T_0;
# The file index is used to find the file name in the following table.
:file_names 6;
    "N/A";
    "<interactive>";
    "node.v";
    "./adder.v";
    "./d_flipflop.v";
    "./multiplier.v";
